  PA_KMeans.cpp
  The contents of <numbers> are available only with C++20 or later.
C:\Users\jetam\source\repos\PA_KMeans\PA_KMeans\PA_KMeans.cpp(21,24): warning C4305: 'initializing': truncation from 'int' to 'float'
C:\Users\jetam\source\repos\PA_KMeans\PA_KMeans\PA_KMeans.cpp(23,24): warning C4305: 'initializing': truncation from 'int' to 'float'
C:\Users\jetam\source\repos\PA_KMeans\PA_KMeans\PA_KMeans.cpp(26,26): warning C4305: 'initializing': truncation from 'double' to 'float'
C:\Users\jetam\source\repos\PA_KMeans\PA_KMeans\PA_KMeans.cpp(32,34): warning C4305: 'initializing': truncation from 'double' to 'float'
C:\Users\jetam\source\repos\PA_KMeans\PA_KMeans\PA_KMeans.cpp(62,25): warning C4838: conversion from 'double' to 'float' requires a narrowing conversion
C:\Users\jetam\source\repos\PA_KMeans\PA_KMeans\PA_KMeans.cpp(62,25): warning C4244: 'initializing': conversion from 'double' to 'float', possible loss of data
C:\Users\jetam\source\repos\PA_KMeans\PA_KMeans\PA_KMeans.cpp(62,28): warning C4838: conversion from 'double' to 'float' requires a narrowing conversion
C:\Users\jetam\source\repos\PA_KMeans\PA_KMeans\PA_KMeans.cpp(62,28): warning C4244: 'initializing': conversion from 'double' to 'float', possible loss of data
C:\Users\jetam\source\repos\PA_KMeans\PA_KMeans\PA_KMeans.cpp(64,21): warning C4244: '=': conversion from 'double' to 'float', possible loss of data
C:\Users\jetam\source\repos\PA_KMeans\PA_KMeans\PA_KMeans.cpp(66,21): warning C4244: '=': conversion from 'double' to 'float', possible loss of data
C:\Users\jetam\source\repos\PA_KMeans\PA_KMeans\PA_KMeans.cpp(68,21): warning C4244: '=': conversion from 'double' to 'float', possible loss of data
C:\Users\jetam\source\repos\PA_KMeans\PA_KMeans\PA_KMeans.cpp(70,21): warning C4244: '=': conversion from 'double' to 'float', possible loss of data
C:\Users\jetam\source\repos\PA_KMeans\PA_KMeans\PA_KMeans.cpp(94,16): warning C4244: 'return': conversion from 'double' to 'float', possible loss of data
C:\Users\jetam\source\repos\PA_KMeans\PA_KMeans\PA_KMeans.cpp(116,109): warning C4244: '+=': conversion from 'double' to 'float', possible loss of data
C:\Users\jetam\source\repos\PA_KMeans\PA_KMeans\PA_KMeans.cpp(117,109): warning C4244: '+=': conversion from 'double' to 'float', possible loss of data
C:\Users\jetam\source\repos\PA_KMeans\PA_KMeans\PA_KMeans.cpp(118,58): warning C4244: '+=': conversion from 'double' to 'float', possible loss of data
C:\Users\jetam\source\repos\PA_KMeans\PA_KMeans\PA_KMeans.cpp(160,38): warning C4267: 'initializing': conversion from 'size_t' to 'int', possible loss of data
  PA_KMeans.vcxproj -> C:\Users\jetam\source\repos\PA_KMeans\x64\Debug\PA_KMeans.exe
